  3DGP_Task01.cpp
  Camera.cpp
  DDSTextureLoader12.cpp
  GameFramework.cpp
C:\Users\jinsu\Desktop\project\3DGP_Task01\GameFramework.cpp(402,35): warning C4244: '인수': 'double'에서 'float'(으)로 변환하면서 데이터가 손실될 수 있습니다.
  Mesh.cpp
  Object.cpp
  Player.cpp
C:\Users\jinsu\Desktop\project\3DGP_Task01\Player.cpp(551,33): warning C4305: '인수': 'double'에서 'float'(으)로 잘립니다.
C:\Users\jinsu\Desktop\project\3DGP_Task01\Player.cpp(551,27): warning C4305: '인수': 'double'에서 'float'(으)로 잘립니다.
  Scene.cpp
  Shader.cpp
  stdafx.cpp
  Timer.cpp
  WICTextureLoader12.cpp
  코드를 생성하고 있습니다.
  618 of 622 functions (99.4%) were compiled, the rest were copied from previous compilation.
    52 functions were new in current compilation
    1 functions had inline decision re-evaluated but remain unchanged
  코드를 생성했습니다.
  3DGP_Task01.vcxproj -> C:\Users\jinsu\Desktop\project\3DGP_Task01\x64\Release\3DGP_Task01.exe
